<?xml version="1.0" encoding="UTF-8"?>
<!-- Generated by org.testng.reporters.JUnitReportReporter -->
<testsuite skipped="0" hostname="ANKUR-JH9R5PSD" name="com.qa.TestCases.WorkitemTest" tests="1" failures="0" timestamp="2022-01-18T15:20:51 IST" time="6.987" errors="0">
  <testcase name="TestMet" time="6.987" classname="com.qa.TestCases.WorkitemTest"/>
  <system-out/>
</testsuite> <!-- com.qa.TestCases.WorkitemTest -->
